[18:55:18] [main/INFO]: Using mbed TLS based native cipher.
[18:55:18] [main/INFO]: Using zlib based native compressor.
[18:55:18] [main/INFO]: Enabled Waterfall version git:Waterfall-Bootstrap:1.19-R0.1-SNAPSHOT:f6069e2:513
[18:55:18] [main/INFO]: Not on Windows, attempting to use enhanced EpollEventLoop
[18:55:19] [main/INFO]: Epoll is working, utilising it!
[18:55:19] [main/INFO]: Discovered module: ModuleSpec(name=cmd_alert, file=modules/cmd_alert.jar, provider=JenkinsModuleSource())
[18:55:19] [main/INFO]: Discovered module: ModuleSpec(name=cmd_find, file=modules/cmd_find.jar, provider=JenkinsModuleSource())
[18:55:19] [main/INFO]: Discovered module: ModuleSpec(name=cmd_list, file=modules/cmd_list.jar, provider=JenkinsModuleSource())
[18:55:19] [main/INFO]: Discovered module: ModuleSpec(name=cmd_send, file=modules/cmd_send.jar, provider=JenkinsModuleSource())
[18:55:19] [main/INFO]: Discovered module: ModuleSpec(name=cmd_server, file=modules/cmd_server.jar, provider=JenkinsModuleSource())
[18:55:19] [main/INFO]: Discovered module: ModuleSpec(name=reconnect_yaml, file=modules/reconnect_yaml.jar, provider=JenkinsModuleSource())
[18:55:19] [main/INFO]: Loaded plugin reconnect_yaml version git:reconnect_yaml:1.19-R0.1-SNAPSHOT:f6069e2:513 by WaterfallMC
[18:55:19] [main/INFO]: Loaded plugin cmd_find version git:cmd_find:1.19-R0.1-SNAPSHOT:f6069e2:513 by WaterfallMC
[18:55:19] [main/INFO]: Loaded plugin cmd_server version git:cmd_server:1.19-R0.1-SNAPSHOT:f6069e2:513 by WaterfallMC
[18:55:19] [main/INFO]: Loaded plugin cmd_alert version git:cmd_alert:1.19-R0.1-SNAPSHOT:f6069e2:513 by WaterfallMC
[18:55:19] [main/INFO]: Loaded plugin cmd_send version git:cmd_send:1.19-R0.1-SNAPSHOT:f6069e2:513 by WaterfallMC
[18:55:19] [main/INFO]: Loaded plugin cmd_list version git:cmd_list:1.19-R0.1-SNAPSHOT:f6069e2:513 by WaterfallMC
[18:55:19] [main/WARN]: :>:>:>:>:>:>:>:>:>:>:>:>:>:>:>:>:>:>:>:>:>:>:>
[18:55:19] [main/WARN]: :>  
[18:55:19] [main/WARN]: :>      EAGLERCRAFTXBUNGEE WARNING:
[18:55:19] [main/WARN]: :>  
[18:55:19] [main/WARN]: :>  This plugin wasn't tested to be 'working'
[18:55:19] [main/WARN]: :>  with ANY version of BungeeCord (and forks)
[18:55:19] [main/WARN]: :>  apart from the versions listed below:
[18:55:19] [main/WARN]: :>  
[18:55:19] [main/WARN]: :>  - BungeeCord: 1.20-R0.3-SNAPSHOT:eda268b:1797
[18:55:19] [main/WARN]: :>  - Waterfall: 1.20-R0.2-SNAPSHOT:92b5149:562
[18:55:19] [main/WARN]: :>  - FlameCord: 1.1.1
[18:55:19] [main/WARN]: :>  
[18:55:19] [main/WARN]: :>  This is not a Bukkit/Spigot plugin!
[18:55:19] [main/WARN]: :>  
[18:55:19] [main/WARN]: :>  Use "-Deaglerxbungee.stfu=true" to hide
[18:55:19] [main/WARN]: :>  
[18:55:19] [main/WARN]: :>:>:>:>:>:>:>:>:>:>:>:>:>:>:>:>:>:>:>:>:>:>:>
[18:55:20] [main/INFO] [EaglercraftXBungee]: Loading vanilla profile: lax1dude
[18:55:22] [Skin Download Thread #1/INFO] [EaglercraftXBungee]: Loaded vanilla profile: lax1dude
[18:55:22] [main/INFO]: Loaded plugin EaglercraftXBungee version 1.0.10 by lax1dude
[18:55:22] [main/WARN]: Forced host server pvp is not defined
[18:55:22] [main/INFO]: Enabled plugin reconnect_yaml version git:reconnect_yaml:1.19-R0.1-SNAPSHOT:f6069e2:513 by WaterfallMC
[18:55:22] [main/INFO]: Enabled plugin cmd_find version git:cmd_find:1.19-R0.1-SNAPSHOT:f6069e2:513 by WaterfallMC
[18:55:22] [main/INFO]: Enabled plugin cmd_server version git:cmd_server:1.19-R0.1-SNAPSHOT:f6069e2:513 by WaterfallMC
[18:55:22] [main/INFO]: Enabled plugin cmd_alert version git:cmd_alert:1.19-R0.1-SNAPSHOT:f6069e2:513 by WaterfallMC
[18:55:22] [main/INFO]: Enabled plugin cmd_send version git:cmd_send:1.19-R0.1-SNAPSHOT:f6069e2:513 by WaterfallMC
[18:55:22] [main/INFO]: Enabled plugin cmd_list version git:cmd_list:1.19-R0.1-SNAPSHOT:f6069e2:513 by WaterfallMC
[18:55:22] [main/ERROR] [EaglercraftXBungee]: Online mode is set to false! Authentication system has been disabled
[18:55:22] [Netty Worker IO Thread #0/INFO] [EaglercraftXBungee]: Eaglercraft is listening on: /0.0.0.0:8081
[18:55:23] [main/INFO] [EaglercraftXBungee]: Connected to database: jdbc:sqlite:eaglercraft_skins_cache.db
[18:55:23] [main/INFO]: Enabled plugin EaglercraftXBungee version 1.0.10 by lax1dude
[18:55:23] [Netty Boss IO Thread #0/INFO]: Listening on /127.0.0.1:25577
[18:55:23] [EaglerXBungee: Network Tick Tasks/INFO] [EaglercraftXBungee]: Loaded certificate: /workspaces/School-Server/bungee/plugins/EaglercraftXBungee/eagcert/$dl.b5049ee521872692a3d307ee115fd91cc8011c69.cert
[18:55:38] [Netty Worker IO Thread #1/INFO] [EaglercraftXBungee]: [/[0:0:0:0:0:0:0:1%0]:38692]: Connected via websocket
[18:55:38] [Netty Worker IO Thread #1/INFO] [EaglercraftXBungee]: [/[0:0:0:0:0:0:0:1%0]:38692]: Origin header is http://localhost:8081
[18:55:38] [Netty Worker IO Thread #1/INFO] [EaglercraftXBungee]: [/[0:0:0:0:0:0:0:1%0]:38692]: Logged in as 'codey_the_forth'
[18:55:38] [Netty Worker IO Thread #1/INFO]: [/[0:0:0:0:0:0:0:1%0]:38692|codey_the_forth] -> UpstreamBridge has connected
[18:55:38] [Netty Worker IO Thread #1/INFO]: [codey_the_forth|/[0:0:0:0:0:0:0:1%0]:38692] <-> ServerConnector [lobby] has connected
[18:55:49] [Netty Worker IO Thread #2/WARN] [EaglercraftXBungee]: Server icon is not a file: /workspaces/School-Server/bungee/server-icon.png
[18:55:50] [Netty Worker IO Thread #3/INFO] [EaglercraftXBungee]: [/[0:0:0:0:0:0:0:1%0]:59080]: Connected via websocket
[18:55:50] [Netty Worker IO Thread #3/INFO] [EaglercraftXBungee]: [/[0:0:0:0:0:0:0:1%0]:59080]: Origin header is http://localhost:8081
[18:55:50] [Netty Worker IO Thread #3/INFO] [EaglercraftXBungee]: [/[0:0:0:0:0:0:0:1%0]:59080]: Logged in as 'PIGGA'
[18:55:50] [Netty Worker IO Thread #3/INFO]: [/[0:0:0:0:0:0:0:1%0]:59080|PIGGA] -> UpstreamBridge has connected
[18:55:50] [Netty Worker IO Thread #3/INFO]: [PIGGA|/[0:0:0:0:0:0:0:1%0]:59080] <-> ServerConnector [lobby] has connected
[18:56:01] [Netty Worker IO Thread #3/INFO] [EaglercraftXBungee]: [/[0:0:0:0:0:0:0:1%0]:41800]: Connected via websocket
[18:56:01] [Netty Worker IO Thread #3/INFO] [EaglercraftXBungee]: [/[0:0:0:0:0:0:0:1%0]:41800]: Origin header is http://localhost:8081
[18:56:01] [Netty Worker IO Thread #3/INFO] [EaglercraftXBungee]: [/[0:0:0:0:0:0:0:1%0]:41800]: Logged in as 'Aizen1'
[18:56:01] [Netty Worker IO Thread #3/INFO]: [/[0:0:0:0:0:0:0:1%0]:41800|Aizen1] -> UpstreamBridge has connected
[18:56:01] [Netty Worker IO Thread #3/INFO]: [Aizen1|/[0:0:0:0:0:0:0:1%0]:41800] <-> ServerConnector [lobby] has connected
[19:01:12] [Netty Worker IO Thread #3/INFO]: [/[0:0:0:0:0:0:0:1%0]:41800|Aizen1] -> UpstreamBridge has disconnected
[19:01:12] [Netty Worker IO Thread #3/INFO]: [Aizen1] disconnected with: Proxy lost connection to server.
[19:01:12] [Netty Worker IO Thread #3/INFO]: [/[0:0:0:0:0:0:0:1%0]:41800|Aizen1] <-> DownstreamBridge <-> [lobby] has disconnected
[19:19:34] [Netty Worker IO Thread #3/INFO]: [/[0:0:0:0:0:0:0:1%0]:59080|PIGGA] -> UpstreamBridge has disconnected
[19:19:34] [Netty Worker IO Thread #3/INFO]: [PIGGA] disconnected with: Proxy lost connection to server.
[19:19:34] [Netty Worker IO Thread #3/INFO]: [/[0:0:0:0:0:0:0:1%0]:59080|PIGGA] <-> DownstreamBridge <-> [lobby] has disconnected
[19:20:05] [Netty Worker IO Thread #1/INFO]: [/[0:0:0:0:0:0:0:1%0]:38692|codey_the_forth] -> UpstreamBridge has disconnected
[19:20:05] [Netty Worker IO Thread #1/INFO]: [codey_the_forth] disconnected with: Proxy lost connection to server.
[19:20:05] [Netty Worker IO Thread #1/INFO]: [/[0:0:0:0:0:0:0:1%0]:38692|codey_the_forth] <-> DownstreamBridge <-> [lobby] has disconnected
[19:30:52] [Netty Worker IO Thread #3/INFO] [EaglercraftXBungee]: [/[0:0:0:0:0:0:0:1%0]:40004]: Connected via websocket
[19:30:52] [Netty Worker IO Thread #3/INFO] [EaglercraftXBungee]: [/[0:0:0:0:0:0:0:1%0]:40004]: Origin header is http://localhost:8081
[19:30:53] [Netty Worker IO Thread #3/INFO] [EaglercraftXBungee]: [/[0:0:0:0:0:0:0:1%0]:40004]: Logged in as 'Mor'
[19:30:53] [Netty Worker IO Thread #3/INFO]: [/[0:0:0:0:0:0:0:1%0]:40004|Mor] -> UpstreamBridge has connected
[19:30:53] [Netty Worker IO Thread #3/INFO]: [Mor|/[0:0:0:0:0:0:0:1%0]:40004] <-> ServerConnector [lobby] has connected
